{
  "stats": {
    "suites": 1,
    "tests": 1,
    "passes": 0,
    "pending": 0,
    "failures": 1,
    "start": "2025-08-06T07:05:12.055Z",
    "end": "2025-08-06T07:05:36.037Z",
    "duration": 23982,
    "testsRegistered": 1,
    "passPercent": 0,
    "pendingPercent": 0,
    "other": 0,
    "hasOther": false,
    "skipped": 0,
    "hasSkipped": false
  },
  "results": [
    {
      "uuid": "2a6b4c0e-3abc-4cb8-9349-f14f3d79df8f",
      "title": "",
      "fullFile": "cypress\\e2e\\tests\\loginTest.cy.js",
      "file": "cypress\\e2e\\tests\\loginTest.cy.js",
      "beforeHooks": [],
      "afterHooks": [],
      "tests": [],
      "suites": [
        {
          "uuid": "399d716d-b77a-4b2c-8d60-845d9e919714",
          "title": "Login test suite",
          "fullFile": "",
          "file": "",
          "beforeHooks": [],
          "afterHooks": [],
          "tests": [
            {
              "title": "User login test",
              "fullTitle": "Login test suite User login test",
              "timedOut": null,
              "duration": 20411,
              "state": "failed",
              "speed": null,
              "pass": false,
              "fail": true,
              "pending": false,
              "context": null,
              "code": "cy.get('@credentials').then(credentials => {\n  cy.visit(credentials.baseUrl);\n  cy.title().should('include', 'Home Page');\n  loginPageLoc.login(credentials.email, credentials.password);\n});\nloginPageLoc.verifyLogoutCTA();",
              "err": {
                "message": "AssertionError: Timed out retrying after 10000ms: Expected to find element: `:nth-child(2) > .customer-welcome > .customer-name > .action`, but never found it.",
                "estack": "AssertionError: Timed out retrying after 10000ms: Expected to find element: `:nth-child(2) > .customer-welcome > .customer-name > .action`, but never found it.\n    at WaitUtils.waitForElementToBeVisible (webpack://ecom_aut/./cypress/support/utilities/waitUtils.js:9:45)\n    at LoginPage.verifyLogoutCTA (webpack://ecom_aut/./cypress/e2e/pages/loginLocatorPage.js:28:18)\n    at Context.eval (webpack://ecom_aut/./cypress/e2e/tests/loginTest.cy.js:22:17)",
                "diff": null
              },
              "uuid": "df5a6a3e-6950-4573-b492-1f588ec59e5d",
              "parentUUID": "399d716d-b77a-4b2c-8d60-845d9e919714",
              "isHook": false,
              "skipped": false
            }
          ],
          "suites": [],
          "passes": [],
          "failures": [
            "df5a6a3e-6950-4573-b492-1f588ec59e5d"
          ],
          "pending": [],
          "skipped": [],
          "duration": 20411,
          "root": false,
          "rootEmpty": false,
          "_timeout": 2000
        }
      ],
      "passes": [],
      "failures": [],
      "pending": [],
      "skipped": [],
      "duration": 0,
      "root": true,
      "rootEmpty": true,
      "_timeout": 2000
    }
  ],
  "meta": {
    "mocha": {
      "version": "7.0.1"
    },
    "mochawesome": {
      "options": {
        "quiet": false,
        "reportFilename": "mochawesome",
        "saveHtml": true,
        "saveJson": true,
        "consoleReporter": "spec",
        "useInlineDiffs": false,
        "code": true
      },
      "version": "7.1.3"
    },
    "marge": {
      "options": {
        "reportDir": "cypress/reports",
        "overwrite": false,
        "html": true,
        "json": true
      },
      "version": "6.2.0"
    }
  }
}