{
  "stats": {
    "suites": 1,
    "tests": 1,
    "passes": 0,
    "pending": 0,
    "failures": 1,
    "start": "2025-08-06T06:58:11.436Z",
    "end": "2025-08-06T06:58:11.844Z",
    "duration": 408,
    "testsRegistered": 1,
    "passPercent": 0,
    "pendingPercent": 0,
    "other": 0,
    "hasOther": false,
    "skipped": 0,
    "hasSkipped": false
  },
  "results": [
    {
      "uuid": "62b00250-32a8-4f6a-afeb-e31bfe8b8bbb",
      "title": "",
      "fullFile": "cypress\\e2e\\tests\\loginTest.cy.js",
      "file": "cypress\\e2e\\tests\\loginTest.cy.js",
      "beforeHooks": [],
      "afterHooks": [],
      "tests": [],
      "suites": [
        {
          "uuid": "221f7f68-b742-41f2-ba59-2f24c24834db",
          "title": "Login test suite",
          "fullFile": "",
          "file": "",
          "beforeHooks": [],
          "afterHooks": [],
          "tests": [
            {
              "title": "User login test",
              "fullTitle": "Login test suite User login test",
              "timedOut": null,
              "duration": 382,
              "state": "failed",
              "speed": null,
              "pass": false,
              "fail": true,
              "pending": false,
              "context": null,
              "code": "cy.get('@credentials').then(credentials => {\n  cy.visit(credentials.baseUrl);\n  cy.title().should('include', 'Home Page');\n  loginPageLoc.login(credentials.email, credentials.password);\n});\nloginPageLoc.verifyLogoutCTA();",
              "err": {
                "message": "TypeError: _highlightUtils.default.highlightElement is not a function",
                "estack": "TypeError: _highlightUtils.default.highlightElement is not a function\n    at LoginPage.verifyLogoutCTA (webpack://ecom_aut/./cypress/e2e/pages/loginLocatorPage.js:29:23)\n    at Context.eval (webpack://ecom_aut/./cypress/e2e/tests/loginTest.cy.js:22:17)",
                "diff": null
              },
              "uuid": "e6532ac2-0973-4353-97b6-26db772a6d98",
              "parentUUID": "221f7f68-b742-41f2-ba59-2f24c24834db",
              "isHook": false,
              "skipped": false
            }
          ],
          "suites": [],
          "passes": [],
          "failures": [
            "e6532ac2-0973-4353-97b6-26db772a6d98"
          ],
          "pending": [],
          "skipped": [],
          "duration": 382,
          "root": false,
          "rootEmpty": false,
          "_timeout": 2000
        }
      ],
      "passes": [],
      "failures": [],
      "pending": [],
      "skipped": [],
      "duration": 0,
      "root": true,
      "rootEmpty": true,
      "_timeout": 2000
    }
  ],
  "meta": {
    "mocha": {
      "version": "7.0.1"
    },
    "mochawesome": {
      "options": {
        "quiet": false,
        "reportFilename": "mochawesome",
        "saveHtml": true,
        "saveJson": true,
        "consoleReporter": "spec",
        "useInlineDiffs": false,
        "code": true
      },
      "version": "7.1.3"
    },
    "marge": {
      "options": {
        "reportDir": "cypress/reports",
        "overwrite": false,
        "html": true,
        "json": true
      },
      "version": "6.2.0"
    }
  }
}